0 verbose cli C:\Program Files\nodejs\node.exe C:\Users\hp\AppData\Roaming\npm\node_modules\npm\bin\npm-cli.js
1 info using npm@11.5.1
2 info using node@v22.16.0
3 silly config load:file:C:\Users\hp\AppData\Roaming\npm\node_modules\npm\npmrc
4 silly config load:file:C:\Users\hp\Desktop\Web-dev\MyProject\Food-delivery__App\backend\.npmrc
5 silly config load:file:C:\Users\hp\.npmrc
6 silly config load:file:C:\Users\hp\AppData\Roaming\npm\etc\npmrc
7 verbose title npm run server
8 verbose argv "run" "server"
9 verbose logfile logs-max:10 dir:C:\Users\hp\Desktop\Web-dev\MyProject\Food-delivery__App\backend\UsershpAppDataLocalTempnpm-cache\_logs\2025-09-15T03_34_02_526Z-
10 verbose logfile C:\Users\hp\Desktop\Web-dev\MyProject\Food-delivery__App\backend\UsershpAppDataLocalTempnpm-cache\_logs\2025-09-15T03_34_02_526Z-debug-0.log
11 silly logfile done cleaning log files
12 http fetch GET 200 https://registry.npmjs.org/npm 11694ms
13 verbose cwd C:\Users\hp\Desktop\Web-dev\MyProject\Food-delivery__App\backend
14 verbose os Windows_NT 10.0.26100
15 verbose node v22.16.0
16 verbose npm  v11.5.1
17 notice
17 notice New [33mminor[39m version of npm available! [33m11.5.1[39m -> [34m11.6.0[39m
17 notice Changelog: [34mhttps://github.com/npm/cli/releases/tag/v11.6.0[39m
17 notice To update run: [4mnpm install -g npm@11.6.0[24m
17 notice  { force: true, [Symbol(proc-log.meta)]: true }
18 verbose exit 1
19 verbose code 1
20 error A complete log of this run can be found in: C:\Users\hp\Desktop\Web-dev\MyProject\Food-delivery__App\backend\UsershpAppDataLocalTempnpm-cache\_logs\2025-09-15T03_34_02_526Z-debug-0.log
