0 verbose cli C:\Program Files\nodejs\node.exe C:\Users\hp\AppData\Roaming\npm\node_modules\npm\bin\npm-cli.js
1 info using npm@11.5.1
2 info using node@v22.16.0
3 silly config load:file:C:\Users\hp\AppData\Roaming\npm\node_modules\npm\npmrc
4 silly config load:file:C:\Users\hp\Desktop\Web-dev\MyProject\Food-delivery__App\.npmrc
5 silly config load:file:C:\Users\hp\.npmrc
6 silly config load:file:C:\Users\hp\AppData\Roaming\npm\etc\npmrc
7 verbose title npm create vite@latest
8 verbose argv "create" "vite@latest"
9 verbose logfile logs-max:10 dir:C:\Users\hp\Desktop\Web-dev\MyProject\Food-delivery__App\UsershpAppDataLocalTempnpm-cache\_logs\2025-09-13T09_53_08_895Z-
10 verbose logfile C:\Users\hp\Desktop\Web-dev\MyProject\Food-delivery__App\UsershpAppDataLocalTempnpm-cache\_logs\2025-09-13T09_53_08_895Z-debug-0.log
11 silly logfile done cleaning log files
12 silly packumentCache heap:2197815296 maxSize:549453824 maxEntrySize:274726912
13 http fetch GET 200 https://registry.npmjs.org/create-vite 459ms (cache miss)
14 silly packumentCache heap:2197815296 maxSize:549453824 maxEntrySize:274726912
15 silly idealTree buildDeps
16 silly fetch manifest create-vite@7.1.1
17 silly packumentCache full:https://registry.npmjs.org/create-vite cache-miss
18 http fetch GET 200 https://registry.npmjs.org/create-vite 115ms (cache miss)
19 silly packumentCache full:https://registry.npmjs.org/create-vite set size:undefined disposed:false
20 silly placeDep ROOT create-vite@7.1.1 OK for:  want: 7.1.1
21 silly reify moves {}
22 silly audit bulk request { 'create-vite': [ '7.1.1' ] }
23 http cache create-vite@https://registry.npmjs.org/create-vite/-/create-vite-7.1.1.tgz 0ms (cache hit)
24 silly tarball no local data for create-vite@https://registry.npmjs.org/create-vite/-/create-vite-7.1.1.tgz. Extracting by manifest.
25 http fetch POST 200 https://registry.npmjs.org/-/npm/v1/security/advisories/bulk 344ms
26 silly audit report {}
27 http fetch GET 200 https://registry.npmjs.org/create-vite/-/create-vite-7.1.1.tgz 488ms (cache miss)
28 verbose cwd C:\Users\hp\Desktop\Web-dev\MyProject\Food-delivery__App
29 verbose os Windows_NT 10.0.26100
30 verbose node v22.16.0
31 verbose npm  v11.5.1
32 verbose exit 0
33 info ok
